02/09/23 05:25:42 PM: INFO: Connected (version 2.0, client OpenSSH_8.9p1)
02/09/23 05:25:43 PM: INFO: Authentication (password) successful!
02/09/23 05:25:43 PM: INFO: current Memory usage is 10.05%
02/09/23 05:25:43 PM: INFO: Connected (version 2.0, client OpenSSH_8.9p1)
02/09/23 05:25:43 PM: INFO: Authentication (password) successful!
02/09/23 05:25:43 PM: INFO: current Memory usage is 10.04%
02/09/23 05:26:32 PM: INFO: Connected (version 2.0, client OpenSSH_8.9p1)
02/09/23 05:26:32 PM: INFO: Authentication (password) successful!
02/09/23 05:26:32 PM: INFO: current Memory usage is 10.04%
02/09/23 05:26:32 PM: INFO: Connected (version 2.0, client OpenSSH_8.9p1)
02/09/23 05:26:32 PM: INFO: Authentication (password) successful!
02/09/23 05:26:32 PM: INFO: current Memory usage is 13.0%
02/09/23 05:36:49 PM: INFO: Connected (version 2.0, client OpenSSH_8.9p1)
02/09/23 05:36:49 PM: INFO: Authentication (password) successful!
02/09/23 05:36:49 PM: INFO: current Memory usage is 10.08%
02/09/23 05:36:49 PM: INFO: Connected (version 2.0, client OpenSSH_8.9p1)
02/09/23 05:36:49 PM: INFO: Authentication (password) successful!
02/09/23 05:36:49 PM: INFO: current Disk usage is 13.0%
02/09/23 05:36:49 PM: INFO: Connected (version 2.0, client OpenSSH_8.9p1)
02/09/23 05:36:49 PM: INFO: Authentication (password) successful!
02/09/23 05:36:50 PM: INFO: current Disk usage is 0.05%
02/09/23 05:47:27 PM: INFO: Connected (version 2.0, client OpenSSH_8.9p1)
02/09/23 05:47:28 PM: INFO: Authentication (password) successful!
02/09/23 05:47:28 PM: INFO: current Memory usage is 10.25%
02/09/23 05:47:28 PM: INFO: Connected (version 2.0, client OpenSSH_8.9p1)
02/09/23 05:47:28 PM: INFO: Authentication (password) successful!
02/09/23 05:47:28 PM: INFO: current Disk usage is 13.0%
02/09/23 05:47:28 PM: INFO: Connected (version 2.0, client OpenSSH_8.9p1)
02/09/23 05:47:28 PM: INFO: Authentication (password) successful!
02/09/23 05:47:29 PM: INFO: current CPU  usage is 0.14%
02/09/23 05:57:48 PM: INFO: [WinError 10060] A connection attempt failed because the connected party did not properly respond after a period of time, or established connection failed because connected host has failed to respond
02/09/23 05:58:10 PM: INFO: [WinError 10060] A connection attempt failed because the connected party did not properly respond after a period of time, or established connection failed because connected host has failed to respond
02/09/23 05:58:31 PM: INFO: [WinError 10060] A connection attempt failed because the connected party did not properly respond after a period of time, or established connection failed because connected host has failed to respond
02/09/23 06:04:50 PM: INFO: Connected (version 2.0, client OpenSSH_8.9p1)
02/09/23 06:04:50 PM: INFO: Authentication (password) successful!
02/09/23 06:04:50 PM: INFO: current Memory usage is 11.08%
02/09/23 06:04:50 PM: INFO: Connected (version 2.0, client OpenSSH_8.9p1)
02/09/23 06:04:50 PM: INFO: Authentication (password) successful!
02/09/23 06:04:51 PM: INFO: current Disk usage is 13.0%
02/09/23 06:04:51 PM: INFO: Connected (version 2.0, client OpenSSH_8.9p1)
02/09/23 06:04:51 PM: INFO: Authentication (password) successful!
02/09/23 06:04:51 PM: INFO: current CPU  usage is 0.4%
